<?xml version="1.0" encoding="UTF-8"?>
<!-- Generated by org.testng.reporters.JUnitReportReporter -->
<testsuite hostname="LAPTOP-75UEOCF4" name="TestNG.Class_B" tests="1" failures="0" timestamp="6 Aug 2019 18:54:19 GMT" time="0.001" errors="0">
  <testcase name="test" time="0.001" classname="TestNG.Class_B"/>
</testsuite> <!-- TestNG.Class_B -->
