<?xml version="1.0" encoding="UTF-8"?>
<!-- Generated by org.testng.reporters.JUnitReportReporter -->
<testsuite hostname="LAPTOP-75UEOCF4" name="TestNG.Parameter_" tests="2" failures="0" timestamp="7 Aug 2019 05:30:21 GMT" time="16.696" errors="0">
  <testcase name="browser_launch" time="15.239" classname="TestNG.Parameter_"/>
  <testcase name="Data" time="1.457" classname="TestNG.Parameter_"/>
</testsuite> <!-- TestNG.Parameter_ -->
