<?xml version="1.0" encoding="UTF-8"?>
<!-- Generated by org.testng.reporters.JUnitReportReporter -->
<testsuite hostname="LAPTOP-75UEOCF4" name="TestNG.Method_ignorence" tests="1" failures="0" timestamp="6 Aug 2019 09:14:09 GMT" time="0.732" errors="0">
  <testcase name="fiil_detials" time="0.732" classname="TestNG.Method_ignorence"/>
</testsuite> <!-- TestNG.Method_ignorence -->
