<?xml version="1.0" encoding="UTF-8"?>
<!-- Generated by org.testng.reporters.JUnitReportReporter -->
<testsuite hostname="LAPTOP-75UEOCF4" name="TestNG.Before_class_and_after_class" tests="3" failures="0" timestamp="6 Aug 2019 07:05:36 GMT" time="0.009" errors="0">
  <testcase name="tc001" time="0.007" classname="TestNG.Before_class_and_after_class"/>
  <testcase name="tc003" time="0.001" classname="TestNG.Before_class_and_after_class"/>
  <testcase name="tc002" time="0.001" classname="TestNG.Before_class_and_after_class"/>
</testsuite> <!-- TestNG.Before_class_and_after_class -->
