<?xml version="1.0" encoding="UTF-8"?>
<!-- Generated by org.testng.reporters.JUnitReportReporter -->
<testsuite hostname="LAPTOP-75UEOCF4" name="TestNG.Class_C" tests="1" failures="0" timestamp="6 Aug 2019 18:54:19 GMT" time="0.006" errors="0">
  <testcase name="testC" time="0.006" classname="TestNG.Class_C"/>
</testsuite> <!-- TestNG.Class_C -->
