<?xml version="1.0" encoding="UTF-8"?>
<!-- Generated by org.testng.reporters.JUnitReportReporter -->
<testsuite hostname="LAPTOP-75UEOCF4" name="TestNG.Class_A" tests="1" failures="0" timestamp="6 Aug 2019 18:54:19 GMT" time="0.007" errors="0">
  <testcase name="testA" time="0.007" classname="TestNG.Class_A"/>
</testsuite> <!-- TestNG.Class_A -->
