<?xml version="1.0" encoding="UTF-8"?>
<!-- Generated by org.testng.reporters.JUnitReportReporter -->
<testsuite hostname="LAPTOP-75UEOCF4" name="TestNG.Method_dependencies" tests="3" failures="0" timestamp="6 Aug 2019 08:53:40 GMT" time="0.011" errors="0">
  <testcase name="Browser_launch" time="0.008" classname="TestNG.Method_dependencies"/>
  <testcase name="user_login" time="0.002" classname="TestNG.Method_dependencies"/>
  <testcase name="App_launch" time="0.001" classname="TestNG.Method_dependencies"/>
</testsuite> <!-- TestNG.Method_dependencies -->
